Arguments: 
  C:\Program Files\nodejs\node.exe C:\Program Files (x86)\Yarn\bin\yarn.js add nodemon -D

PATH: 
  C:\Users\Diana\bin;C:\Program Files\Git\mingw64\bin;C:\Program Files\Git\usr\local\bin;C:\Program Files\Git\usr\bin;C:\Program Files\Git\usr\bin;C:\Program Files\Git\mingw64\bin;C:\Program Files\Git\usr\bin;C:\Users\Diana\bin;C:\Program Files (x86)\Common Files\Oracle\Java\javapath;C:\Program Files (x86)\Indusoft Web Studio Educational v8.1\Bin;C:\ProgramData\Oracle\Java\javapath;C:\Windows\system32;C:\Windows;C:\Windows\System32\Wbem;C:\Windows\System32\WindowsPowerShell\v1.0;C:\Program Files (x86)\Yarn\bin;C:\ProgramData\chocolatey\bin;C:\Program Files\nodejs;C:\Program Files\Git\cmd;C:\HashiCorp\Vagrant\bin;C:\Ruby26-x64\bin;C:\Users\Diana\Pictures\Ana;C:\Users\Diana\Pictures\Ana\Library\mingw-w64\bin;C:\Users\Diana\Pictures\Ana\Library\usr\bin;C:\Users\Diana\Pictures\Ana\Library\bin;C:\Users\Diana\Pictures\Ana\Scripts;C:\Users\Diana\AppData\Local\Programs\Python\Python37\Scripts;C:\Users\Diana\AppData\Local\Programs\Python\Python37;C:\Users\Diana\AppData\Local\Programs\Python\Python36\Scripts;C:\Users\Diana\AppData\Local\Programs\Python\Python36;C:\Users\Diana\AppData\Local\Programs\Microsoft VS Code\bin;C:\Users\Diana\AppData\Local\Yarn\bin;C:\Users\Diana\AppData\Roaming\npm;C:\Program Files\Git\usr\bin\vendor_perl;C:\Program Files\Git\usr\bin\core_perl

Yarn version: 
  1.21.1

Node version: 
  12.14.1

Platform: 
  win32 x64

Trace: 
  Error: EPERM: operation not permitted, lstat 'C:\Users\Diana\Documents\GitHub\rocketseatProjects\oministackWeek11\baseApplication\node_modules\ipaddr.js\lib\ipaddr.js.d.ts'

npm manifest: 
  {
    "name": "baseApplication",
    "version": "1.0.0",
    "description": "",
    "main": "index.js",
    "scripts": {
      "test": "echo \"Error: no test specified\" && exit 1"
    },
    "keywords": [],
    "author": "",
    "license": "ISC",
    "dependencies": {
      "express": "^4.17.1"
    }
  }

yarn manifest: 
  No manifest

Lockfile: 
  No lockfile
